Build started 12/3/2013 10:42:16 AM.
     1>Project "C:\Users\Owner\Documents\Visual Studio 2010\Projects\finalproject\finalproject\finalproject.vcxproj" on node 2 (build target(s)).
     1>InitializeBuildStatus:
         Creating "Debug\finalproject.unsuccessfulbuild" because "AlwaysCreate" was specified.
       ClCompile:
         C:\Program Files (x86)\Microsoft Visual Studio 10.0\VC\bin\CL.exe /c /Zi /nologo /W3 /WX- /Od /Oy- /D WIN32 /D _DEBUG /D _CONSOLE /D _UNICODE /D UNICODE /Gm /EHsc /RTC1 /MDd /GS /fp:precise /Zc:wchar_t /Zc:forScope /Fo"Debug\\" /Fd"Debug\vc100.pdb" /Gd /TP /analyze- /errorReport:prompt dangerzone.cpp
         dangerzone.cpp
     1>dangerzone.cpp(112): warning C4996: 'fopen': This function or variable may be unsafe. Consider using fopen_s instead. To disable deprecation, use _CRT_SECURE_NO_WARNINGS. See online help for details.
                 C:\Program Files (x86)\Microsoft Visual Studio 10.0\VC\include\stdio.h(234) : see declaration of 'fopen'
       ManifestResourceCompile:
         All outputs are up-to-date.
       Link:
         C:\Program Files (x86)\Microsoft Visual Studio 10.0\VC\bin\link.exe /ERRORREPORT:PROMPT /OUT:"C:\Users\Owner\Documents\Visual Studio 2010\Projects\finalproject\Debug\finalproject.exe" /INCREMENTAL /NOLOGO opengl32.lib glu32.lib glut32.lib kernel32.lib user32.lib gdi32.lib winspool.lib comdlg32.lib advapi32.lib shell32.lib ole32.lib oleaut32.lib uuid.lib odbc32.lib odbccp32.lib /MANIFEST /ManifestFile:"Debug\finalproject.exe.intermediate.manifest" /MANIFESTUAC:"level='asInvoker' uiAccess='false'" /DEBUG /PDB:"C:\Users\Owner\Documents\Visual Studio 2010\Projects\finalproject\Debug\finalproject.pdb" /SUBSYSTEM:CONSOLE /TLBID:1 /DYNAMICBASE /NXCOMPAT /IMPLIB:"C:\Users\Owner\Documents\Visual Studio 2010\Projects\finalproject\Debug\finalproject.lib" /MACHINE:X86 Debug\finalproject.exe.embed.manifest.res
         Debug\dangerzone.obj
       Manifest:
         C:\Program Files (x86)\Microsoft SDKs\Windows\v7.0A\bin\mt.exe /nologo /verbose /out:"Debug\finalproject.exe.embed.manifest" /manifest Debug\finalproject.exe.intermediate.manifest
         All outputs are up-to-date.
       LinkEmbedManifest:
         All outputs are up-to-date.
         finalproject.vcxproj -> C:\Users\Owner\Documents\Visual Studio 2010\Projects\finalproject\Debug\finalproject.exe
       FinalizeBuildStatus:
         Deleting file "Debug\finalproject.unsuccessfulbuild".
         Touching "Debug\finalproject.lastbuildstate".
     1>Done Building Project "C:\Users\Owner\Documents\Visual Studio 2010\Projects\finalproject\finalproject\finalproject.vcxproj" (build target(s)).

Build succeeded.

Time Elapsed 00:00:01.17
